<?xml version="1.0" encoding="UTF-8"?>
<con:soapui-project id="4f97af87-4832-4e4e-91a8-87da2eaea3ec" activeEnvironment="Default" name="test Tetrifact" resourceRoot="" soapui-version="5.7.0" xmlns:con="http://eviware.com/soapui/config"><con:settings/><con:interface xsi:type="con:RestService" id="690a2182-2891-44a0-a054-f4e42df3ce78" wadlVersion="http://wadl.dev.java.net/2009/02" name="https://tetrifact.manafeed.com" type="rest" xmlns:xsi="http://www.w3.org/2001/XMLSchema-instance"><con:settings/><con:definitionCache type="TEXT" rootPart=""/><con:endpoints><con:endpoint>https://tetrifact.manafeed.com</con:endpoint></con:endpoints><con:resource name="Api" path="/v1/packages" id="1686fd2d-4105-41a2-8903-b1687a90139b"><con:settings/><con:parameters/><con:method name="Api 1" id="9e6a700b-a6ae-4c79-a25f-06f85ae0072e" method="GET"><con:settings/><con:parameters/><con:representation type="FAULT"><con:mediaType>text/html; charset=utf-8</con:mediaType><con:status>404</con:status><con:params/><con:element>html</con:element></con:representation><con:representation type="RESPONSE"><con:mediaType>application/json; charset=utf-8</con:mediaType><con:status>200</con:status><con:params/></con:representation><con:request name="Request 1" id="f2732e89-160d-4741-bd14-90388b3bb035" mediaType="application/json"><con:settings><con:setting id="com.eviware.soapui.impl.wsdl.WsdlRequest@request-headers">&lt;xml-fragment/></con:setting></con:settings><con:endpoint>https://tetrifact.manafeed.com</con:endpoint><con:request/><con:originalUri>https://tetrifact.manafeed.com/api//v1/packages</con:originalUri><con:credentials><con:authType>No Authorization</con:authType></con:credentials><con:jmsConfig JMSDeliveryMode="PERSISTENT"/><con:jmsPropertyConfig/><con:parameters/></con:request></con:method></con:resource></con:interface><con:testSuite id="fe79df67-5388-48b2-ba26-3baab3c75027" name="TestSuite 1"><con:settings/><con:runType>SEQUENTIAL</con:runType><con:testCase id="e27dbf88-8109-4db4-af72-2988939de177" failOnError="true" failTestCaseOnErrors="true" keepSession="false" maxResults="0" name="TestCase 1" searchProperties="true"><con:settings/><con:testStep type="restrequest" name="REST Request" id="616caafd-83a5-4e7e-9ff8-a9e065399dfe"><con:settings/><con:config service="https://tetrifact.manafeed.com" resourcePath="/v1/packages" methodName="Api 1" xsi:type="con:RestRequestStep" xmlns:xsi="http://www.w3.org/2001/XMLSchema-instance"><con:restRequest name="REST Request" id="f2732e89-160d-4741-bd14-90388b3bb035" mediaType="application/json"><con:settings><con:setting id="com.eviware.soapui.impl.wsdl.WsdlRequest@request-headers">&lt;xml-fragment/></con:setting></con:settings><con:endpoint>https://tetrifact.manafeed.com</con:endpoint><con:request/><con:originalUri>https://tetrifact.manafeed.com/api//v1/packages</con:originalUri><con:assertion type="Simple Contains" id="a2d1b679-e4e1-4597-8630-1e82eaffe421" name="Contains"><con:configuration><token>Tetrifact</token><ignoreCase>false</ignoreCase><useRegEx>false</useRegEx></con:configuration></con:assertion><con:credentials><con:authType>No Authorization</con:authType></con:credentials><con:jmsConfig JMSDeliveryMode="PERSISTENT"/><con:jmsPropertyConfig/><con:parameters/></con:restRequest></con:config></con:testStep><con:properties/></con:testCase><con:properties/></con:testSuite><con:properties/><con:wssContainer/><con:oAuth2ProfileContainer/><con:oAuth1ProfileContainer/><con:sensitiveInformation/></con:soapui-project>